frontend/android/app/build/intermediates/manifest_merge_blame_file/release/processReleaseMainManifest/manifest-merger-blame-release-report.txt
1<?xml version="1.0" encoding="utf-8"?>
2<manifest xmlns:android="http://schemas.android.com/apk/res/android"
3    package="com.example.yoga_mithra"
4    android:versionCode="1"
5    android:versionName="1.0" >
6
7    <uses-sdk
8        android:minSdkVersion="21"
9        android:targetSdkVersion="34" />
10
11    <!-- Required permissions -->
12    <uses-permission android:name="android.permission.INTERNET" />
12-->src/main/AndroidManifest.xml:5:5-67
12-->src/main/AndroidManifest.xml:5:22-64
13    <uses-permission android:name="android.permission.READ_EXTERNAL_STORAGE" />
13-->src/main/AndroidManifest.xml:6:5-80
13-->src/main/AndroidManifest.xml:6:22-77
14    <uses-permission
14-->src/main/AndroidManifest.xml:7:5-81
15        android:name="android.permission.WRITE_EXTERNAL_STORAGE"
15-->src/main/AndroidManifest.xml:7:22-78
16        android:maxSdkVersion="28" />
16-->[:camera_android_camerax] AndroidManifest.xml:14:9-35
17    <uses-permission android:name="android.permission.CAMERA" />
17-->src/main/AndroidManifest.xml:8:5-65
17-->src/main/AndroidManifest.xml:8:22-62
18    <uses-permission android:name="android.permission.RECORD_AUDIO" />
18-->src/main/AndroidManifest.xml:9:5-71
18-->src/main/AndroidManifest.xml:9:22-68
19
20    <!-- Hardware features -->
21    <uses-feature android:name="android.hardware.camera" />
21-->src/main/AndroidManifest.xml:12:5-60
21-->src/main/AndroidManifest.xml:12:19-57
22    <uses-feature android:name="android.hardware.camera.autofocus" />
22-->src/main/AndroidManifest.xml:13:5-70
22-->src/main/AndroidManifest.xml:13:19-67
23
24    <!-- Queries section should be inside <manifest> but outside <application> -->
25    <queries>
25-->src/main/AndroidManifest.xml:46:5-51:15
26        <intent>
26-->src/main/AndroidManifest.xml:47:9-50:18
27            <action android:name="android.intent.action.PROCESS_TEXT" />
27-->src/main/AndroidManifest.xml:48:13-73
27-->src/main/AndroidManifest.xml:48:21-70
28
29            <data android:mimeType="text/plain" />
29-->src/main/AndroidManifest.xml:49:13-51
29-->src/main/AndroidManifest.xml:49:19-48
30        </intent>
31    </queries>
32
33    <uses-feature android:name="android.hardware.camera.any" />
33-->[:camera_android_camerax] AndroidManifest.xml:8:5-64
33-->[:camera_android_camerax] AndroidManifest.xml:8:19-61
34
35    <permission
35-->[androidx.core:core:1.13.1] AndroidManifest.xml:22:5-24:47
36        android:name="com.example.yoga_mithra.DYNAMIC_RECEIVER_NOT_EXPORTED_PERMISSION"
36-->[androidx.core:core:1.13.1] AndroidManifest.xml:23:9-81
37        android:protectionLevel="signature" />
37-->[androidx.core:core:1.13.1] AndroidManifest.xml:24:9-44
38
39    <uses-permission android:name="com.example.yoga_mithra.DYNAMIC_RECEIVER_NOT_EXPORTED_PERMISSION" />
39-->[androidx.core:core:1.13.1] AndroidManifest.xml:26:5-97
39-->[androidx.core:core:1.13.1] AndroidManifest.xml:26:22-94
40
41    <application
41-->src/main/AndroidManifest.xml:15:5-43:19
42        android:appComponentFactory="androidx.core.app.CoreComponentFactory"
42-->[androidx.core:core:1.13.1] AndroidManifest.xml:28:18-86
43        android:extractNativeLibs="true"
44        android:hardwareAccelerated="true"
44-->src/main/AndroidManifest.xml:18:9-43
45        android:icon="@mipmap/ic_launcher"
45-->src/main/AndroidManifest.xml:17:9-43
46        android:label="yoga_mithra" >
46-->src/main/AndroidManifest.xml:16:9-36
47        <activity
47-->src/main/AndroidManifest.xml:20:9-37:20
48            android:name="com.example.yoga_mithra.MainActivity"
48-->src/main/AndroidManifest.xml:21:13-41
49            android:configChanges="orientation|keyboardHidden|keyboard|screenSize|smallestScreenSize|locale|layoutDirection|fontScale|screenLayout|density|uiMode"
49-->src/main/AndroidManifest.xml:26:13-163
50            android:exported="true"
50-->src/main/AndroidManifest.xml:22:13-36
51            android:launchMode="singleTop"
51-->src/main/AndroidManifest.xml:23:13-43
52            android:taskAffinity=""
52-->src/main/AndroidManifest.xml:24:13-36
53            android:theme="@style/LaunchTheme"
53-->src/main/AndroidManifest.xml:25:13-47
54            android:windowSoftInputMode="adjustResize" >
54-->src/main/AndroidManifest.xml:27:13-55
55            <meta-data
55-->src/main/AndroidManifest.xml:29:13-31:57
56                android:name="io.flutter.embedding.android.NormalTheme"
56-->src/main/AndroidManifest.xml:30:17-72
57                android:resource="@style/NormalTheme" />
57-->src/main/AndroidManifest.xml:31:17-54
58
59            <intent-filter>
59-->src/main/AndroidManifest.xml:33:13-36:29
60                <action android:name="android.intent.action.MAIN" />
60-->src/main/AndroidManifest.xml:34:17-69
60-->src/main/AndroidManifest.xml:34:25-66
61
62                <category android:name="android.intent.category.LAUNCHER" />
62-->src/main/AndroidManifest.xml:35:17-77
62-->src/main/AndroidManifest.xml:35:27-74
63            </intent-filter>
64        </activity>
65
66        <!-- Flutter embedding -->
67        <meta-data
67-->src/main/AndroidManifest.xml:40:9-42:33
68            android:name="flutterEmbedding"
68-->src/main/AndroidManifest.xml:41:13-44
69            android:value="2" />
69-->src/main/AndroidManifest.xml:42:13-30
70
71        <provider
71-->[:image_picker_android] AndroidManifest.xml:9:9-17:20
72            android:name="io.flutter.plugins.imagepicker.ImagePickerFileProvider"
72-->[:image_picker_android] AndroidManifest.xml:10:13-82
73            android:authorities="com.example.yoga_mithra.flutter.image_provider"
73-->[:image_picker_android] AndroidManifest.xml:11:13-74
74            android:exported="false"
74-->[:image_picker_android] AndroidManifest.xml:12:13-37
75            android:grantUriPermissions="true" >
75-->[:image_picker_android] AndroidManifest.xml:13:13-47
76            <meta-data
76-->[:image_picker_android] AndroidManifest.xml:14:13-16:75
77                android:name="android.support.FILE_PROVIDER_PATHS"
77-->[:image_picker_android] AndroidManifest.xml:15:17-67
78                android:resource="@xml/flutter_image_picker_file_paths" />
78-->[:image_picker_android] AndroidManifest.xml:16:17-72
79        </provider> <!-- Trigger Google Play services to install the backported photo picker module. -->
80        <service
80-->[:image_picker_android] AndroidManifest.xml:19:9-31:19
81            android:name="com.google.android.gms.metadata.ModuleDependencies"
81-->[:image_picker_android] AndroidManifest.xml:20:13-78
82            android:enabled="false"
82-->[:image_picker_android] AndroidManifest.xml:21:13-36
83            android:exported="false" >
83-->[:image_picker_android] AndroidManifest.xml:22:13-37
84            <intent-filter>
84-->[:image_picker_android] AndroidManifest.xml:24:13-26:29
85                <action android:name="com.google.android.gms.metadata.MODULE_DEPENDENCIES" />
85-->[:image_picker_android] AndroidManifest.xml:25:17-94
85-->[:image_picker_android] AndroidManifest.xml:25:25-91
86            </intent-filter>
87
88            <meta-data
88-->[:image_picker_android] AndroidManifest.xml:28:13-30:36
89                android:name="photopicker_activity:0:required"
89-->[:image_picker_android] AndroidManifest.xml:29:17-63
90                android:value="" />
90-->[:image_picker_android] AndroidManifest.xml:30:17-33
91        </service>
92
93        <uses-library
93-->[androidx.window:window:1.0.0-beta04] AndroidManifest.xml:25:9-27:40
94            android:name="androidx.window.extensions"
94-->[androidx.window:window:1.0.0-beta04] AndroidManifest.xml:26:13-54
95            android:required="false" />
95-->[androidx.window:window:1.0.0-beta04] AndroidManifest.xml:27:13-37
96        <uses-library
96-->[androidx.window:window:1.0.0-beta04] AndroidManifest.xml:28:9-30:40
97            android:name="androidx.window.sidecar"
97-->[androidx.window:window:1.0.0-beta04] AndroidManifest.xml:29:13-51
98            android:required="false" />
98-->[androidx.window:window:1.0.0-beta04] AndroidManifest.xml:30:13-37
99
100        <provider
100-->[androidx.emoji2:emoji2:1.2.0] AndroidManifest.xml:24:9-32:20
101            android:name="androidx.startup.InitializationProvider"
101-->[androidx.emoji2:emoji2:1.2.0] AndroidManifest.xml:25:13-67
102            android:authorities="com.example.yoga_mithra.androidx-startup"
102-->[androidx.emoji2:emoji2:1.2.0] AndroidManifest.xml:26:13-68
103            android:exported="false" >
103-->[androidx.emoji2:emoji2:1.2.0] AndroidManifest.xml:27:13-37
104            <meta-data
104-->[androidx.emoji2:emoji2:1.2.0] AndroidManifest.xml:29:13-31:52
105                android:name="androidx.emoji2.text.EmojiCompatInitializer"
105-->[androidx.emoji2:emoji2:1.2.0] AndroidManifest.xml:30:17-75
106                android:value="androidx.startup" />
106-->[androidx.emoji2:emoji2:1.2.0] AndroidManifest.xml:31:17-49
107            <meta-data
107-->[androidx.lifecycle:lifecycle-process:2.6.2] AndroidManifest.xml:29:13-31:52
108                android:name="androidx.lifecycle.ProcessLifecycleInitializer"
108-->[androidx.lifecycle:lifecycle-process:2.6.2] AndroidManifest.xml:30:17-78
109                android:value="androidx.startup" />
109-->[androidx.lifecycle:lifecycle-process:2.6.2] AndroidManifest.xml:31:17-49
110            <meta-data
110-->[androidx.profileinstaller:profileinstaller:1.3.1] AndroidManifest.xml:29:13-31:52
111                android:name="androidx.profileinstaller.ProfileInstallerInitializer"
111-->[androidx.profileinstaller:profileinstaller:1.3.1] AndroidManifest.xml:30:17-85
112                android:value="androidx.startup" />
112-->[androidx.profileinstaller:profileinstaller:1.3.1] AndroidManifest.xml:31:17-49
113        </provider>
114
115        <service
115-->[androidx.camera:camera-camera2:1.3.4] AndroidManifest.xml:24:9-33:19
116            android:name="androidx.camera.core.impl.MetadataHolderService"
116-->[androidx.camera:camera-camera2:1.3.4] AndroidManifest.xml:25:13-75
117            android:enabled="false"
117-->[androidx.camera:camera-camera2:1.3.4] AndroidManifest.xml:26:13-36
118            android:exported="false" >
118-->[androidx.camera:camera-camera2:1.3.4] AndroidManifest.xml:27:13-37
119            <meta-data
119-->[androidx.camera:camera-camera2:1.3.4] AndroidManifest.xml:30:13-32:89
120                android:name="androidx.camera.core.impl.MetadataHolderService.DEFAULT_CONFIG_PROVIDER"
120-->[androidx.camera:camera-camera2:1.3.4] AndroidManifest.xml:31:17-103
121                android:value="androidx.camera.camera2.Camera2Config$DefaultProvider" />
121-->[androidx.camera:camera-camera2:1.3.4] AndroidManifest.xml:32:17-86
122        </service>
123
124        <receiver
124-->[androidx.profileinstaller:profileinstaller:1.3.1] AndroidManifest.xml:34:9-52:20
125            android:name="androidx.profileinstaller.ProfileInstallReceiver"
125-->[androidx.profileinstaller:profileinstaller:1.3.1] AndroidManifest.xml:35:13-76
126            android:directBootAware="false"
126-->[androidx.profileinstaller:profileinstaller:1.3.1] AndroidManifest.xml:36:13-44
127            android:enabled="true"
127-->[androidx.profileinstaller:profileinstaller:1.3.1] AndroidManifest.xml:37:13-35
128            android:exported="true"
128-->[androidx.profileinstaller:profileinstaller:1.3.1] AndroidManifest.xml:38:13-36
129            android:permission="android.permission.DUMP" >
129-->[androidx.profileinstaller:profileinstaller:1.3.1] AndroidManifest.xml:39:13-57
130            <intent-filter>
130-->[androidx.profileinstaller:profileinstaller:1.3.1] AndroidManifest.xml:40:13-42:29
131                <action android:name="androidx.profileinstaller.action.INSTALL_PROFILE" />
131-->[androidx.profileinstaller:profileinstaller:1.3.1] AndroidManifest.xml:41:17-91
131-->[androidx.profileinstaller:profileinstaller:1.3.1] AndroidManifest.xml:41:25-88
132            </intent-filter>
133            <intent-filter>
133-->[androidx.profileinstaller:profileinstaller:1.3.1] AndroidManifest.xml:43:13-45:29
134                <action android:name="androidx.profileinstaller.action.SKIP_FILE" />
134-->[androidx.profileinstaller:profileinstaller:1.3.1] AndroidManifest.xml:44:17-85
134-->[androidx.profileinstaller:profileinstaller:1.3.1] AndroidManifest.xml:44:25-82
135            </intent-filter>
136            <intent-filter>
136-->[androidx.profileinstaller:profileinstaller:1.3.1] AndroidManifest.xml:46:13-48:29
137                <action android:name="androidx.profileinstaller.action.SAVE_PROFILE" />
137-->[androidx.profileinstaller:profileinstaller:1.3.1] AndroidManifest.xml:47:17-88
137-->[androidx.profileinstaller:profileinstaller:1.3.1] AndroidManifest.xml:47:25-85
138            </intent-filter>
139            <intent-filter>
139-->[androidx.profileinstaller:profileinstaller:1.3.1] AndroidManifest.xml:49:13-51:29
140                <action android:name="androidx.profileinstaller.action.BENCHMARK_OPERATION" />
140-->[androidx.profileinstaller:profileinstaller:1.3.1] AndroidManifest.xml:50:17-95
140-->[androidx.profileinstaller:profileinstaller:1.3.1] AndroidManifest.xml:50:25-92
141            </intent-filter>
142        </receiver>
143    </application>
144
145</manifest>